<?xml version="1.0" encoding="UTF-8"?>
<!-- Generated by org.testng.reporters.JUnitReportReporter -->
<testsuite hostname="DESKTOP-S3RV3MH" failures="0" tests="2" name="com.seneca.restapi.tests.RestAPIExampleTests" time="3.416" errors="0" timestamp="2020-12-16T18:46:51 IST" skipped="0">
  <testcase classname="com.seneca.restapi.tests.RestAPIExampleTests" name="getEmployees" time="0.567"/>
  <testcase classname="com.seneca.restapi.tests.RestAPIExampleTests" name="createValidateAndDeleteEmployeeRecord" time="2.849"/>
</testsuite> <!-- com.seneca.restapi.tests.RestAPIExampleTests -->
