<?xml version="1.0" encoding="UTF-8"?>
<!-- Generated by org.testng.reporters.JUnitReportReporter -->
<testsuite hostname="DESKTOP-S3RV3MH" failures="0" tests="2" name="com.sanaca.selenium.TC001.selenium_TC001" time="10.179" errors="0" timestamp="2020-12-16T18:42:23 IST" skipped="0">
  <testcase classname="com.sanaca.selenium.TC001.selenium_TC001" name="GoogleTC001" time="9.225"/>
  <testcase classname="com.sanaca.selenium.TC001.selenium_TC001" name="readDoodle" time="0.954"/>
</testsuite> <!-- com.sanaca.selenium.TC001.selenium_TC001 -->
