<?xml version="1.0" encoding="UTF-8"?>
<!-- Generated by org.testng.reporters.JUnitReportReporter -->
<testsuite hostname="DESKTOP-S3RV3MH" failures="0" tests="1" name="com.sanacaglobal.TestCases.selenium_TC001" time="9.774" errors="0" timestamp="2020-12-16T17:57:14 IST" skipped="0">
  <testcase classname="com.sanacaglobal.TestCases.selenium_TC001" name="GoogleTC001" time="9.774"/>
</testsuite> <!-- com.sanacaglobal.TestCases.selenium_TC001 -->
