<?xml version="1.0" encoding="UTF-8"?>
<!-- Generated by org.testng.reporters.JUnitReportReporter -->
<testsuite hostname="DESKTOP-S3RV3MH" failures="0" tests="2" name="com.sanaca.restapi.tests.RestAPIExampleTests" time="3.353" errors="0" timestamp="2020-12-16T17:50:52 IST" skipped="0">
  <testcase classname="com.sanaca.restapi.tests.RestAPIExampleTests" name="getEmployees" time="0.591"/>
  <testcase classname="com.sanaca.restapi.tests.RestAPIExampleTests" name="createValidateAndDeleteEmployeeRecord" time="2.762"/>
</testsuite> <!-- com.sanaca.restapi.tests.RestAPIExampleTests -->
